<?xml version="1.0" encoding="UTF-8"?>
<!-- Generated by org.testng.reporters.JUnitReportReporter -->
<testsuite hostname="DESKTOP-4RS0PP6" failures="0" tests="1" name="ContactTest.CreateContactTest" time="25.487" errors="0" timestamp="2025-04-04T21:00:10 IST" skipped="0">
  <testcase classname="ContactTest.CreateContactTest" name="CreateContactWithCampaignTest" time="25.487">
    <system-out>
      <![CDATA[Contact Smith_558 added Successfully]]>
    </system-out>
  </testcase> <!-- CreateContactWithCampaignTest -->
  <system-out>
    <![CDATA[campaign Quantity96 added successfully
Validation is passed
campaign Banner11289 added successfully
campaign Banner1166 added successfully
Contact Smith_558 added Successfully]]>
  </system-out>
</testsuite> <!-- ContactTest.CreateContactTest -->
