<?xml version="1.0" encoding="UTF-8"?>
<!-- Generated by org.testng.reporters.JUnitReportReporter -->
<testsuite hostname="DESKTOP-4RS0PP6" failures="0" tests="1" name="ContactTest.CreateContact" time="24.320" errors="0" timestamp="2025-03-29T20:55:27 IST" skipped="0">
  <testcase classname="ContactTest.CreateContact" name="CreateContactWithCampaignTest" time="24.320">
    <system-out>
      <![CDATA[Contact Smith_262 added Successfully]]>
    </system-out>
  </testcase> <!-- CreateContactWithCampaignTest -->
  <system-out>
    <![CDATA[campaign Quantity1252 added successfully
campaign Banner112670 added successfully
campaign Banner1114 added successfully
Contact Smith_262 added Successfully]]>
  </system-out>
</testsuite> <!-- ContactTest.CreateContact -->
