<?xml version="1.0" encoding="UTF-8"?>
<!-- Generated by org.testng.reporters.JUnitReportReporter -->
<testsuite hostname="DESKTOP-4RS0PP6" failures="0" tests="1" name="LoginTest.LoginTest" time="11.157" errors="0" timestamp="2025-04-04T21:00:10 IST" skipped="0">
  <testcase classname="LoginTest.LoginTest" name="loginTest" time="11.157">
    <system-out>
      <![CDATA[Validation is passed]]>
    </system-out>
  </testcase> <!-- loginTest -->
  <system-out>
    <![CDATA[campaign Quantity96 added successfully
Validation is passed
campaign Banner11289 added successfully
campaign Banner1166 added successfully
Contact Smith_558 added Successfully]]>
  </system-out>
</testsuite> <!-- LoginTest.LoginTest -->
