<?xml version="1.0" encoding="UTF-8"?>
<!-- Generated by org.testng.reporters.JUnitReportReporter -->
<testsuite hostname="DESKTOP-4RS0PP6" failures="0" tests="2" name="CampaignTest.Createcampaign" time="28.893" errors="0" timestamp="2025-03-29T20:55:27 IST" skipped="0">
  <testcase classname="CampaignTest.Createcampaign" name="createCampaignTest" time="17.086">
    <system-out>
      <![CDATA[campaign Banner112670 added successfully]]>
    </system-out>
  </testcase> <!-- createCampaignTest -->
  <testcase classname="CampaignTest.Createcampaign" name="createCampaignWithDateTest" time="11.807">
    <system-out>
      <![CDATA[campaign Banner1114 added successfully]]>
    </system-out>
  </testcase> <!-- createCampaignWithDateTest -->
  <system-out>
    <![CDATA[campaign Quantity1252 added successfully
campaign Banner112670 added successfully
campaign Banner1114 added successfully
Contact Smith_262 added Successfully]]>
  </system-out>
</testsuite> <!-- CampaignTest.Createcampaign -->
