<?xml version="1.0" encoding="UTF-8"?>
<!-- Generated by org.testng.reporters.JUnitReportReporter -->
<testsuite hostname="DESKTOP-4RS0PP6" failures="0" tests="1" name="ContactTest.CreateContactTest" time="25.414" errors="0" timestamp="2025-04-04T20:45:42 IST" skipped="0">
  <testcase classname="ContactTest.CreateContactTest" name="CreateContactWithCampaignTest" time="25.414">
    <system-out>
      <![CDATA[Contact Smith_1955 added Successfully]]>
    </system-out>
  </testcase> <!-- CreateContactWithCampaignTest -->
  <system-out>
    <![CDATA[Contact Smith_1955 added Successfully]]>
  </system-out>
</testsuite> <!-- ContactTest.CreateContactTest -->
