<?xml version="1.0" encoding="UTF-8"?>
<!-- Generated by org.testng.reporters.JUnitReportReporter -->
<testsuite hostname="DESKTOP-4RS0PP6" failures="0" tests="1" name="LoginTest.LoginTest" time="9.509" errors="0" timestamp="2025-04-04T20:51:54 IST" skipped="0">
  <testcase classname="LoginTest.LoginTest" name="loginTest" time="9.509">
    <system-out>
      <![CDATA[Validation is passed]]>
    </system-out>
  </testcase> <!-- loginTest -->
  <system-out>
    <![CDATA[Validation is passed]]>
  </system-out>
</testsuite> <!-- LoginTest.LoginTest -->
