<?xml version="1.0" encoding="UTF-8"?>
<!-- Generated by org.testng.reporters.JUnitReportReporter -->
<testsuite hostname="DESKTOP-4RS0PP6" failures="0" tests="3" name="DDTpractice.DataPrpoviderUsage" time="0.021" errors="0" timestamp="2025-03-25T20:51:55 IST" skipped="0">
  <testcase classname="DDTpractice.DataPrpoviderUsage" name="testCase" time="0.001"/>
  <testcase classname="DDTpractice.DataPrpoviderUsage" name="testCase" time="0.017"/>
  <testcase classname="DDTpractice.DataPrpoviderUsage" name="testCase" time="0.003"/>
</testsuite> <!-- DDTpractice.DataPrpoviderUsage -->
